2019-03-14 15:17:45.392 [main] INFO  com.cwh.springbootMybatis.Application - Starting Application on PC-20181008BUJM with PID 13428 (E:\GITbengku\springbootMybatis\target\classes started by Administrator in E:\GITbengku\springbootMybatis)
2019-03-14 15:17:45.401 [main] INFO  com.cwh.springbootMybatis.Application - No active profile set, falling back to default profiles: default
2019-03-14 15:17:46.406 [main] INFO  o.s.b.c.e.AnnotationConfigEmbeddedWebApplicationContext - Refreshing org.springframework.boot.context.embedded.AnnotationConfigEmbeddedWebApplicationContext@4fe767f3: startup date [Thu Mar 14 15:17:46 CST 2019]; root of context hierarchy
2019-03-14 15:17:46.828 [background-preinit] INFO  org.hibernate.validator.internal.util.Version - HV000001: Hibernate Validator 5.3.6.Final
2019-03-14 15:17:48.944 [main] INFO  o.s.b.c.e.tomcat.TomcatEmbeddedServletContainer - Tomcat initialized with port(s): 80 (http)
2019-03-14 15:17:48.956 [main] INFO  org.apache.catalina.core.StandardService - Starting service [Tomcat]
2019-03-14 15:17:48.958 [main] INFO  org.apache.catalina.core.StandardEngine - Starting Servlet Engine: Apache Tomcat/8.5.27
2019-03-14 15:17:49.078 [localhost-startStop-1] INFO  o.a.c.core.ContainerBase.[Tomcat].[localhost].[/] - Initializing Spring embedded WebApplicationContext
2019-03-14 15:17:49.078 [localhost-startStop-1] INFO  org.springframework.web.context.ContextLoader - Root WebApplicationContext: initialization completed in 2672 ms
2019-03-14 15:17:49.240 [localhost-startStop-1] INFO  o.s.boot.web.servlet.ServletRegistrationBean - Mapping servlet: 'dispatcherServlet' to [/]
2019-03-14 15:17:49.242 [localhost-startStop-1] INFO  o.s.boot.web.servlet.ServletRegistrationBean - Mapping servlet: 'com.cwh.springbootMybatis.servlet.Servlet1' to [/servlet/servlet1.action]
2019-03-14 15:17:49.245 [localhost-startStop-1] INFO  o.s.boot.web.servlet.FilterRegistrationBean - Mapping filter: 'characterEncodingFilter' to: [/*]
2019-03-14 15:17:49.246 [localhost-startStop-1] INFO  o.s.boot.web.servlet.FilterRegistrationBean - Mapping filter: 'hiddenHttpMethodFilter' to: [/*]
2019-03-14 15:17:49.246 [localhost-startStop-1] INFO  o.s.boot.web.servlet.FilterRegistrationBean - Mapping filter: 'httpPutFormContentFilter' to: [/*]
2019-03-14 15:17:49.246 [localhost-startStop-1] INFO  o.s.boot.web.servlet.FilterRegistrationBean - Mapping filter: 'requestContextFilter' to: [/*]
2019-03-14 15:17:49.246 [localhost-startStop-1] INFO  o.s.boot.web.servlet.FilterRegistrationBean - Mapping filter: 'ServletFilter' to urls: [/servlet/*]
2019-03-14 15:17:50.141 [main] INFO  o.s.w.s.m.m.a.RequestMappingHandlerAdapter - Looking for @ControllerAdvice: org.springframework.boot.context.embedded.AnnotationConfigEmbeddedWebApplicationContext@4fe767f3: startup date [Thu Mar 14 15:17:46 CST 2019]; root of context hierarchy
2019-03-14 15:17:50.215 [main] INFO  o.s.w.s.m.m.a.RequestMappingHandlerMapping - Mapped "{[/hello]}" onto public java.lang.String com.cwh.springbootMybatis.web.copy.controller.HelloController.hello(org.springframework.ui.Model,java.lang.String)
2019-03-14 15:17:50.217 [main] INFO  o.s.w.s.m.m.a.RequestMappingHandlerMapping - Mapped "{[/user/getUserInfo]}" onto public java.util.List<com.cwh.springbootMybatis.web.copy.entity.User> com.cwh.springbootMybatis.web.copy.controller.UserController.getUserInfo()
2019-03-14 15:17:50.218 [main] INFO  o.s.w.s.m.m.a.RequestMappingHandlerMapping - Mapped "{[/user/addUserInfo]}" onto public java.lang.String com.cwh.springbootMybatis.web.copy.controller.UserController.addUserInfo()
2019-03-14 15:17:50.220 [main] INFO  o.s.w.s.m.m.a.RequestMappingHandlerMapping - Mapped "{[/Good/list]}" onto public java.lang.String com.cwh.springbootMybatis.web.good.controller.GoodController.list(org.springframework.ui.Model)
2019-03-14 15:17:50.220 [main] INFO  o.s.w.s.m.m.a.RequestMappingHandlerMapping - Mapped "{[/Good/selectListGoods]}" onto public com.cwh.springbootMybatis.util.R com.cwh.springbootMybatis.web.good.controller.GoodController.selectListGoods()
2019-03-14 15:17:50.233 [main] INFO  o.s.w.s.m.m.a.RequestMappingHandlerMapping - Mapped "{[/Login/list]}" onto public java.lang.String com.cwh.springbootMybatis.web.login.controller.LoginController.list(org.springframework.ui.Model)
2019-03-14 15:17:50.234 [main] INFO  o.s.w.s.m.m.a.RequestMappingHandlerMapping - Mapped "{[/Login/one/{id}],methods=[GET]}" onto public java.lang.String com.cwh.springbootMybatis.web.login.controller.LoginController.one(org.springframework.ui.Model,int)
2019-03-14 15:17:50.235 [main] INFO  o.s.w.s.m.m.a.RequestMappingHandlerMapping - Mapped "{[/Login/selectListUser]}" onto public void com.cwh.springbootMybatis.web.login.controller.LoginController.selectListUser()
2019-03-14 15:17:50.235 [main] INFO  o.s.w.s.m.m.a.RequestMappingHandlerMapping - Mapped "{[/Login/userOne]}" onto public java.lang.String com.cwh.springbootMybatis.web.login.controller.LoginController.userOne(org.springframework.ui.Model)
2019-03-14 15:17:50.240 [main] INFO  o.s.w.s.m.m.a.RequestMappingHandlerMapping - Mapped "{[/error]}" onto public org.springframework.http.ResponseEntity<java.util.Map<java.lang.String, java.lang.Object>> org.springframework.boot.autoconfigure.web.BasicErrorController.error(javax.servlet.http.HttpServletRequest)
2019-03-14 15:17:50.240 [main] INFO  o.s.w.s.m.m.a.RequestMappingHandlerMapping - Mapped "{[/error],produces=[text/html]}" onto public org.springframework.web.servlet.ModelAndView org.springframework.boot.autoconfigure.web.BasicErrorController.errorHtml(javax.servlet.http.HttpServletRequest,javax.servlet.http.HttpServletResponse)
2019-03-14 15:17:50.285 [main] INFO  o.s.web.servlet.handler.SimpleUrlHandlerMapping - Mapped URL path [/webjars/**] onto handler of type [class org.springframework.web.servlet.resource.ResourceHttpRequestHandler]
2019-03-14 15:17:50.285 [main] INFO  o.s.web.servlet.handler.SimpleUrlHandlerMapping - Mapped URL path [/**] onto handler of type [class org.springframework.web.servlet.resource.ResourceHttpRequestHandler]
2019-03-14 15:17:50.330 [main] INFO  o.s.web.servlet.handler.SimpleUrlHandlerMapping - Mapped URL path [/**/favicon.ico] onto handler of type [class org.springframework.web.servlet.resource.ResourceHttpRequestHandler]
2019-03-14 15:17:50.862 [main] INFO  o.s.jmx.export.annotation.AnnotationMBeanExporter - Registering beans for JMX exposure on startup
2019-03-14 15:17:50.865 [main] INFO  o.s.jmx.export.annotation.AnnotationMBeanExporter - Bean with name 'dataSource' has been autodetected for JMX exposure
2019-03-14 15:17:50.870 [main] INFO  o.s.jmx.export.annotation.AnnotationMBeanExporter - Located MBean 'dataSource': registering with JMX server as MBean [com.alibaba.druid.pool:name=dataSource,type=DruidDataSource]
2019-03-14 15:17:50.887 [main] INFO  org.apache.coyote.http11.Http11NioProtocol - Initializing ProtocolHandler ["http-nio-80"]
2019-03-14 15:17:50.904 [main] INFO  org.apache.coyote.http11.Http11NioProtocol - Starting ProtocolHandler ["http-nio-80"]
2019-03-14 15:17:50.935 [main] INFO  org.apache.tomcat.util.net.NioSelectorPool - Using a shared selector for servlet write/read
2019-03-14 15:17:50.956 [main] INFO  o.s.b.c.e.tomcat.TomcatEmbeddedServletContainer - Tomcat started on port(s): 80 (http)
2019-03-14 15:17:50.964 [main] INFO  com.cwh.springbootMybatis.Application - Started Application in 6.08 seconds (JVM running for 6.576)
2019-03-14 17:24:33.431 [main] INFO  com.cwh.springbootMybatis.Application - Starting Application v0.0.1-SNAPSHOT on PC-20181008BUJM with PID 13580 (E:\新建文件夹\target\springbootMybatis-0.0.1-SNAPSHOT.jar started by Administrator in E:\新建文件夹\target)
2019-03-14 17:24:33.439 [main] INFO  com.cwh.springbootMybatis.Application - No active profile set, falling back to default profiles: default
2019-03-14 17:24:33.913 [background-preinit] INFO  org.hibernate.validator.internal.util.Version - HV000001: Hibernate Validator 5.3.6.Final
2019-03-14 17:24:33.953 [main] INFO  o.s.b.c.e.AnnotationConfigEmbeddedWebApplicationContext - Refreshing org.springframework.boot.context.embedded.AnnotationConfigEmbeddedWebApplicationContext@6438a396: startup date [Thu Mar 14 17:24:33 CST 2019]; root of context hierarchy
2019-03-14 17:24:37.052 [main] INFO  o.s.b.c.e.tomcat.TomcatEmbeddedServletContainer - Tomcat initialized with port(s): 80 (http)
2019-03-14 17:24:37.075 [main] INFO  org.apache.catalina.core.StandardService - Starting service [Tomcat]
2019-03-14 17:24:37.078 [main] INFO  org.apache.catalina.core.StandardEngine - Starting Servlet Engine: Apache Tomcat/8.5.27
2019-03-14 17:24:37.229 [localhost-startStop-1] INFO  o.a.c.core.ContainerBase.[Tomcat].[localhost].[/] - Initializing Spring embedded WebApplicationContext
2019-03-14 17:24:37.231 [localhost-startStop-1] INFO  org.springframework.web.context.ContextLoader - Root WebApplicationContext: initialization completed in 3277 ms
2019-03-14 17:24:37.411 [localhost-startStop-1] INFO  o.s.boot.web.servlet.ServletRegistrationBean - Mapping servlet: 'dispatcherServlet' to [/]
2019-03-14 17:24:37.413 [localhost-startStop-1] INFO  o.s.boot.web.servlet.ServletRegistrationBean - Mapping servlet: 'com.cwh.springbootMybatis.servlet.Servlet1' to [/servlet/servlet1.action]
2019-03-14 17:24:37.419 [localhost-startStop-1] INFO  o.s.boot.web.servlet.FilterRegistrationBean - Mapping filter: 'characterEncodingFilter' to: [/*]
2019-03-14 17:24:37.420 [localhost-startStop-1] INFO  o.s.boot.web.servlet.FilterRegistrationBean - Mapping filter: 'hiddenHttpMethodFilter' to: [/*]
2019-03-14 17:24:37.421 [localhost-startStop-1] INFO  o.s.boot.web.servlet.FilterRegistrationBean - Mapping filter: 'httpPutFormContentFilter' to: [/*]
2019-03-14 17:24:37.422 [localhost-startStop-1] INFO  o.s.boot.web.servlet.FilterRegistrationBean - Mapping filter: 'requestContextFilter' to: [/*]
2019-03-14 17:24:37.423 [localhost-startStop-1] INFO  o.s.boot.web.servlet.FilterRegistrationBean - Mapping filter: 'ServletFilter' to urls: [/servlet/*]
2019-03-14 17:24:38.764 [main] INFO  o.s.w.s.m.m.a.RequestMappingHandlerAdapter - Looking for @ControllerAdvice: org.springframework.boot.context.embedded.AnnotationConfigEmbeddedWebApplicationContext@6438a396: startup date [Thu Mar 14 17:24:33 CST 2019]; root of context hierarchy
2019-03-14 17:24:38.893 [main] INFO  o.s.w.s.m.m.a.RequestMappingHandlerMapping - Mapped "{[/hello]}" onto public java.lang.String com.cwh.springbootMybatis.web.copy.controller.HelloController.hello(org.springframework.ui.Model,java.lang.String)
2019-03-14 17:24:38.898 [main] INFO  o.s.w.s.m.m.a.RequestMappingHandlerMapping - Mapped "{[/user/getUserInfo]}" onto public java.util.List<com.cwh.springbootMybatis.web.copy.entity.User> com.cwh.springbootMybatis.web.copy.controller.UserController.getUserInfo()
2019-03-14 17:24:38.900 [main] INFO  o.s.w.s.m.m.a.RequestMappingHandlerMapping - Mapped "{[/user/addUserInfo]}" onto public java.lang.String com.cwh.springbootMybatis.web.copy.controller.UserController.addUserInfo()
2019-03-14 17:24:38.903 [main] INFO  o.s.w.s.m.m.a.RequestMappingHandlerMapping - Mapped "{[/Good/list]}" onto public java.lang.String com.cwh.springbootMybatis.web.good.controller.GoodController.list(org.springframework.ui.Model)
2019-03-14 17:24:38.904 [main] INFO  o.s.w.s.m.m.a.RequestMappingHandlerMapping - Mapped "{[/Good/selectListGoods]}" onto public com.cwh.springbootMybatis.util.R com.cwh.springbootMybatis.web.good.controller.GoodController.selectListGoods()
2019-03-14 17:24:38.910 [main] INFO  o.s.w.s.m.m.a.RequestMappingHandlerMapping - Mapped "{[/Login/list]}" onto public java.lang.String com.cwh.springbootMybatis.web.login.controller.LoginController.list(org.springframework.ui.Model)
2019-03-14 17:24:38.915 [main] INFO  o.s.w.s.m.m.a.RequestMappingHandlerMapping - Mapped "{[/Login/one/{id}],methods=[GET]}" onto public java.lang.String com.cwh.springbootMybatis.web.login.controller.LoginController.one(org.springframework.ui.Model,int)
2019-03-14 17:24:38.917 [main] INFO  o.s.w.s.m.m.a.RequestMappingHandlerMapping - Mapped "{[/Login/selectListUser]}" onto public void com.cwh.springbootMybatis.web.login.controller.LoginController.selectListUser()
2019-03-14 17:24:38.917 [main] INFO  o.s.w.s.m.m.a.RequestMappingHandlerMapping - Mapped "{[/Login/userOne]}" onto public java.lang.String com.cwh.springbootMybatis.web.login.controller.LoginController.userOne(org.springframework.ui.Model)
2019-03-14 17:24:38.920 [main] INFO  o.s.w.s.m.m.a.RequestMappingHandlerMapping - Mapped "{[/error]}" onto public org.springframework.http.ResponseEntity<java.util.Map<java.lang.String, java.lang.Object>> org.springframework.boot.autoconfigure.web.BasicErrorController.error(javax.servlet.http.HttpServletRequest)
2019-03-14 17:24:38.921 [main] INFO  o.s.w.s.m.m.a.RequestMappingHandlerMapping - Mapped "{[/error],produces=[text/html]}" onto public org.springframework.web.servlet.ModelAndView org.springframework.boot.autoconfigure.web.BasicErrorController.errorHtml(javax.servlet.http.HttpServletRequest,javax.servlet.http.HttpServletResponse)
2019-03-14 17:24:38.958 [main] INFO  o.s.web.servlet.handler.SimpleUrlHandlerMapping - Mapped URL path [/webjars/**] onto handler of type [class org.springframework.web.servlet.resource.ResourceHttpRequestHandler]
2019-03-14 17:24:38.961 [main] INFO  o.s.web.servlet.handler.SimpleUrlHandlerMapping - Mapped URL path [/**] onto handler of type [class org.springframework.web.servlet.resource.ResourceHttpRequestHandler]
2019-03-14 17:24:39.005 [main] INFO  o.s.web.servlet.handler.SimpleUrlHandlerMapping - Mapped URL path [/**/favicon.ico] onto handler of type [class org.springframework.web.servlet.resource.ResourceHttpRequestHandler]
2019-03-14 17:24:39.742 [main] INFO  o.s.jmx.export.annotation.AnnotationMBeanExporter - Registering beans for JMX exposure on startup
2019-03-14 17:24:39.748 [main] INFO  o.s.jmx.export.annotation.AnnotationMBeanExporter - Bean with name 'dataSource' has been autodetected for JMX exposure
2019-03-14 17:24:39.757 [main] INFO  o.s.jmx.export.annotation.AnnotationMBeanExporter - Located MBean 'dataSource': registering with JMX server as MBean [com.alibaba.druid.pool:name=dataSource,type=DruidDataSource]
2019-03-14 17:24:39.782 [main] INFO  org.apache.coyote.http11.Http11NioProtocol - Initializing ProtocolHandler ["http-nio-80"]
2019-03-14 17:24:39.797 [main] INFO  org.apache.coyote.http11.Http11NioProtocol - Starting ProtocolHandler ["http-nio-80"]
2019-03-14 17:24:39.822 [main] INFO  org.apache.tomcat.util.net.NioSelectorPool - Using a shared selector for servlet write/read
2019-03-14 17:24:39.855 [main] INFO  o.s.b.c.e.tomcat.TomcatEmbeddedServletContainer - Tomcat started on port(s): 80 (http)
2019-03-14 17:24:39.868 [main] INFO  com.cwh.springbootMybatis.Application - Started Application in 7.469 seconds (JVM running for 8.423)
2019-03-14 17:26:32.297 [http-nio-80-exec-1] INFO  o.a.c.core.ContainerBase.[Tomcat].[localhost].[/] - Initializing Spring FrameworkServlet 'dispatcherServlet'
2019-03-14 17:26:32.297 [http-nio-80-exec-1] INFO  org.springframework.web.servlet.DispatcherServlet - FrameworkServlet 'dispatcherServlet': initialization started
2019-03-14 17:26:32.330 [http-nio-80-exec-1] INFO  org.springframework.web.servlet.DispatcherServlet - FrameworkServlet 'dispatcherServlet': initialization completed in 32 ms
2019-03-14 17:26:32.430 [http-nio-80-exec-1] INFO  org.thymeleaf.TemplateEngine - [THYMELEAF] INITIALIZING TEMPLATE ENGINE
2019-03-14 17:26:32.537 [http-nio-80-exec-1] INFO  o.t.templateresolver.AbstractTemplateResolver - [THYMELEAF] INITIALIZING TEMPLATE RESOLVER: org.thymeleaf.spring4.templateresolver.SpringResourceTemplateResolver
2019-03-14 17:26:32.538 [http-nio-80-exec-1] INFO  o.t.templateresolver.AbstractTemplateResolver - [THYMELEAF] TEMPLATE RESOLVER INITIALIZED OK
2019-03-14 17:26:32.539 [http-nio-80-exec-1] INFO  o.t.messageresolver.AbstractMessageResolver - [THYMELEAF] INITIALIZING MESSAGE RESOLVER: org.thymeleaf.spring4.messageresolver.SpringMessageResolver
2019-03-14 17:26:32.540 [http-nio-80-exec-1] INFO  o.t.messageresolver.AbstractMessageResolver - [THYMELEAF] MESSAGE RESOLVER INITIALIZED OK
2019-03-14 17:26:32.549 [http-nio-80-exec-1] INFO  org.thymeleaf.TemplateEngine.CONFIG - [THYMELEAF] TEMPLATE ENGINE CONFIGURATION:
[THYMELEAF] * Cache Factory implementation: org.thymeleaf.cache.StandardCacheManager
[THYMELEAF] * Template modes:
[THYMELEAF]     * XML
[THYMELEAF]     * VALIDXML
[THYMELEAF]     * HTML5
[THYMELEAF]     * XHTML
[THYMELEAF]     * VALIDXHTML
[THYMELEAF]     * LEGACYHTML5
[THYMELEAF] * Template resolvers (in order):
[THYMELEAF]     * org.thymeleaf.spring4.templateresolver.SpringResourceTemplateResolver
[THYMELEAF] * Message resolvers (in order):
[THYMELEAF]     * org.thymeleaf.spring4.messageresolver.SpringMessageResolver
[THYMELEAF] * Dialect [1 of 2]: org.thymeleaf.spring4.dialect.SpringStandardDialect
[THYMELEAF]     * Prefix: "th"
[THYMELEAF] * Dialect [2 of 2]: nz.net.ultraq.thymeleaf.LayoutDialect
[THYMELEAF]     * Prefix: "layout"
[THYMELEAF] TEMPLATE ENGINE CONFIGURED OK
2019-03-14 17:26:32.555 [http-nio-80-exec-1] INFO  org.thymeleaf.TemplateEngine - [THYMELEAF] TEMPLATE ENGINE INITIALIZED
2019-03-14 17:32:45.907 [Thread-3] INFO  o.s.b.c.e.AnnotationConfigEmbeddedWebApplicationContext - Closing org.springframework.boot.context.embedded.AnnotationConfigEmbeddedWebApplicationContext@6438a396: startup date [Thu Mar 14 17:24:33 CST 2019]; root of context hierarchy
2019-03-14 17:32:45.910 [Thread-3] INFO  o.s.jmx.export.annotation.AnnotationMBeanExporter - Unregistering JMX-exposed beans on shutdown
2019-03-14 17:32:45.911 [Thread-3] INFO  o.s.jmx.export.annotation.AnnotationMBeanExporter - Unregistering JMX-exposed beans
