2019-03-13 16:03:07.333 [main] INFO  com.cwh.springbootMybatis.Application - Starting Application on PC-20181008BUJM with PID 14020 (E:\GITbengku\springbootMybatis\target\classes started by Administrator in E:\GITbengku\springbootMybatis)
2019-03-13 16:03:07.336 [main] INFO  com.cwh.springbootMybatis.Application - No active profile set, falling back to default profiles: default
2019-03-13 16:03:07.578 [main] INFO  o.s.b.c.e.AnnotationConfigEmbeddedWebApplicationContext - Refreshing org.springframework.boot.context.embedded.AnnotationConfigEmbeddedWebApplicationContext@37918c79: startup date [Wed Mar 13 16:03:07 CST 2019]; root of context hierarchy
2019-03-13 16:03:07.586 [background-preinit] INFO  org.hibernate.validator.internal.util.Version - HV000001: Hibernate Validator 5.3.6.Final
2019-03-13 16:03:09.239 [main] INFO  o.s.b.c.e.tomcat.TomcatEmbeddedServletContainer - Tomcat initialized with port(s): 80 (http)
2019-03-13 16:03:09.250 [main] INFO  org.apache.catalina.core.StandardService - Starting service [Tomcat]
2019-03-13 16:03:09.251 [main] INFO  org.apache.catalina.core.StandardEngine - Starting Servlet Engine: Apache Tomcat/8.5.27
2019-03-13 16:03:09.386 [localhost-startStop-1] INFO  o.a.c.core.ContainerBase.[Tomcat].[localhost].[/] - Initializing Spring embedded WebApplicationContext
2019-03-13 16:03:09.386 [localhost-startStop-1] INFO  org.springframework.web.context.ContextLoader - Root WebApplicationContext: initialization completed in 1809 ms
2019-03-13 16:03:09.569 [localhost-startStop-1] INFO  o.s.boot.web.servlet.ServletRegistrationBean - Mapping servlet: 'dispatcherServlet' to [/]
2019-03-13 16:03:09.571 [localhost-startStop-1] INFO  o.s.boot.web.servlet.ServletRegistrationBean - Mapping servlet: 'com.cwh.springbootMybatis.servlet.Servlet1' to [/servlet/servlet1.action]
2019-03-13 16:03:09.574 [localhost-startStop-1] INFO  o.s.boot.web.servlet.FilterRegistrationBean - Mapping filter: 'characterEncodingFilter' to: [/*]
2019-03-13 16:03:09.575 [localhost-startStop-1] INFO  o.s.boot.web.servlet.FilterRegistrationBean - Mapping filter: 'hiddenHttpMethodFilter' to: [/*]
2019-03-13 16:03:09.575 [localhost-startStop-1] INFO  o.s.boot.web.servlet.FilterRegistrationBean - Mapping filter: 'httpPutFormContentFilter' to: [/*]
2019-03-13 16:03:09.575 [localhost-startStop-1] INFO  o.s.boot.web.servlet.FilterRegistrationBean - Mapping filter: 'requestContextFilter' to: [/*]
2019-03-13 16:03:09.575 [localhost-startStop-1] INFO  o.s.boot.web.servlet.FilterRegistrationBean - Mapping filter: 'ServletFilter' to urls: [/servlet/*]
2019-03-13 16:03:10.499 [main] INFO  o.s.w.s.m.m.a.RequestMappingHandlerAdapter - Looking for @ControllerAdvice: org.springframework.boot.context.embedded.AnnotationConfigEmbeddedWebApplicationContext@37918c79: startup date [Wed Mar 13 16:03:07 CST 2019]; root of context hierarchy
2019-03-13 16:03:10.563 [main] INFO  o.s.w.s.m.m.a.RequestMappingHandlerMapping - Mapped "{[/hello]}" onto public java.lang.String com.cwh.springbootMybatis.web.copy.controller.HelloController.hello(org.springframework.ui.Model,java.lang.String)
2019-03-13 16:03:10.566 [main] INFO  o.s.w.s.m.m.a.RequestMappingHandlerMapping - Mapped "{[/user/getUserInfo]}" onto public java.util.List<com.cwh.springbootMybatis.web.copy.entity.User> com.cwh.springbootMybatis.web.copy.controller.UserController.getUserInfo()
2019-03-13 16:03:10.566 [main] INFO  o.s.w.s.m.m.a.RequestMappingHandlerMapping - Mapped "{[/user/addUserInfo]}" onto public java.lang.String com.cwh.springbootMybatis.web.copy.controller.UserController.addUserInfo()
2019-03-13 16:03:10.567 [main] INFO  o.s.w.s.m.m.a.RequestMappingHandlerMapping - Mapped "{[/Good/list]}" onto public java.lang.String com.cwh.springbootMybatis.web.good.controller.GoodController.list(org.springframework.ui.Model)
2019-03-13 16:03:10.567 [main] INFO  o.s.w.s.m.m.a.RequestMappingHandlerMapping - Mapped "{[/Good/selectListGoods]}" onto public com.cwh.springbootMybatis.util.R com.cwh.springbootMybatis.web.good.controller.GoodController.selectListGoods()
2019-03-13 16:03:10.572 [main] INFO  o.s.w.s.m.m.a.RequestMappingHandlerMapping - Mapped "{[/Login/list]}" onto public java.lang.String com.cwh.springbootMybatis.web.login.controller.LoginController.list(org.springframework.ui.Model)
2019-03-13 16:03:10.573 [main] INFO  o.s.w.s.m.m.a.RequestMappingHandlerMapping - Mapped "{[/Login/one/{id}],methods=[GET]}" onto public java.lang.String com.cwh.springbootMybatis.web.login.controller.LoginController.one(org.springframework.ui.Model,int)
2019-03-13 16:03:10.573 [main] INFO  o.s.w.s.m.m.a.RequestMappingHandlerMapping - Mapped "{[/Login/selectListUser]}" onto public void com.cwh.springbootMybatis.web.login.controller.LoginController.selectListUser()
2019-03-13 16:03:10.573 [main] INFO  o.s.w.s.m.m.a.RequestMappingHandlerMapping - Mapped "{[/Login/userOne]}" onto public java.lang.String com.cwh.springbootMybatis.web.login.controller.LoginController.userOne(org.springframework.ui.Model)
2019-03-13 16:03:10.574 [main] INFO  o.s.w.s.m.m.a.RequestMappingHandlerMapping - Mapped "{[/error]}" onto public org.springframework.http.ResponseEntity<java.util.Map<java.lang.String, java.lang.Object>> org.springframework.boot.autoconfigure.web.BasicErrorController.error(javax.servlet.http.HttpServletRequest)
2019-03-13 16:03:10.575 [main] INFO  o.s.w.s.m.m.a.RequestMappingHandlerMapping - Mapped "{[/error],produces=[text/html]}" onto public org.springframework.web.servlet.ModelAndView org.springframework.boot.autoconfigure.web.BasicErrorController.errorHtml(javax.servlet.http.HttpServletRequest,javax.servlet.http.HttpServletResponse)
2019-03-13 16:03:10.603 [main] INFO  o.s.web.servlet.handler.SimpleUrlHandlerMapping - Mapped URL path [/webjars/**] onto handler of type [class org.springframework.web.servlet.resource.ResourceHttpRequestHandler]
2019-03-13 16:03:10.604 [main] INFO  o.s.web.servlet.handler.SimpleUrlHandlerMapping - Mapped URL path [/**] onto handler of type [class org.springframework.web.servlet.resource.ResourceHttpRequestHandler]
2019-03-13 16:03:10.641 [main] INFO  o.s.web.servlet.handler.SimpleUrlHandlerMapping - Mapped URL path [/**/favicon.ico] onto handler of type [class org.springframework.web.servlet.resource.ResourceHttpRequestHandler]
2019-03-13 16:03:11.151 [main] INFO  o.s.jmx.export.annotation.AnnotationMBeanExporter - Registering beans for JMX exposure on startup
2019-03-13 16:03:11.153 [main] INFO  o.s.jmx.export.annotation.AnnotationMBeanExporter - Bean with name 'dataSource' has been autodetected for JMX exposure
2019-03-13 16:03:11.157 [main] INFO  o.s.jmx.export.annotation.AnnotationMBeanExporter - Located MBean 'dataSource': registering with JMX server as MBean [com.alibaba.druid.pool:name=dataSource,type=DruidDataSource]
2019-03-13 16:03:11.171 [main] INFO  org.apache.coyote.http11.Http11NioProtocol - Initializing ProtocolHandler ["http-nio-80"]
2019-03-13 16:03:11.183 [main] INFO  org.apache.coyote.http11.Http11NioProtocol - Starting ProtocolHandler ["http-nio-80"]
2019-03-13 16:03:11.206 [main] INFO  org.apache.tomcat.util.net.NioSelectorPool - Using a shared selector for servlet write/read
2019-03-13 16:03:11.246 [main] INFO  o.s.b.c.e.tomcat.TomcatEmbeddedServletContainer - Tomcat started on port(s): 80 (http)
2019-03-13 16:03:11.252 [main] INFO  com.cwh.springbootMybatis.Application - Started Application in 4.259 seconds (JVM running for 4.611)
2019-03-13 16:09:13.715 [main] INFO  com.cwh.springbootMybatis.Application - Starting Application on PC-20181008BUJM with PID 11636 (E:\GITbengku\springbootMybatis\target\classes started by Administrator in E:\GITbengku\springbootMybatis)
2019-03-13 16:09:13.718 [main] INFO  com.cwh.springbootMybatis.Application - No active profile set, falling back to default profiles: default
2019-03-13 16:09:13.938 [background-preinit] INFO  org.hibernate.validator.internal.util.Version - HV000001: Hibernate Validator 5.3.6.Final
2019-03-13 16:09:14.077 [main] INFO  o.s.b.c.e.AnnotationConfigEmbeddedWebApplicationContext - Refreshing org.springframework.boot.context.embedded.AnnotationConfigEmbeddedWebApplicationContext@37918c79: startup date [Wed Mar 13 16:09:14 CST 2019]; root of context hierarchy
2019-03-13 16:09:15.639 [main] INFO  o.s.b.c.e.tomcat.TomcatEmbeddedServletContainer - Tomcat initialized with port(s): 80 (http)
2019-03-13 16:09:15.670 [main] INFO  org.apache.catalina.core.StandardService - Starting service [Tomcat]
2019-03-13 16:09:15.671 [main] INFO  org.apache.catalina.core.StandardEngine - Starting Servlet Engine: Apache Tomcat/8.5.27
2019-03-13 16:09:15.821 [localhost-startStop-1] INFO  o.a.c.core.ContainerBase.[Tomcat].[localhost].[/] - Initializing Spring embedded WebApplicationContext
2019-03-13 16:09:15.821 [localhost-startStop-1] INFO  org.springframework.web.context.ContextLoader - Root WebApplicationContext: initialization completed in 1745 ms
2019-03-13 16:09:16.017 [localhost-startStop-1] INFO  o.s.boot.web.servlet.ServletRegistrationBean - Mapping servlet: 'dispatcherServlet' to [/]
2019-03-13 16:09:16.019 [localhost-startStop-1] INFO  o.s.boot.web.servlet.ServletRegistrationBean - Mapping servlet: 'com.cwh.springbootMybatis.servlet.Servlet1' to [/servlet/servlet1.action]
2019-03-13 16:09:16.023 [localhost-startStop-1] INFO  o.s.boot.web.servlet.FilterRegistrationBean - Mapping filter: 'characterEncodingFilter' to: [/*]
2019-03-13 16:09:16.023 [localhost-startStop-1] INFO  o.s.boot.web.servlet.FilterRegistrationBean - Mapping filter: 'hiddenHttpMethodFilter' to: [/*]
2019-03-13 16:09:16.024 [localhost-startStop-1] INFO  o.s.boot.web.servlet.FilterRegistrationBean - Mapping filter: 'httpPutFormContentFilter' to: [/*]
2019-03-13 16:09:16.024 [localhost-startStop-1] INFO  o.s.boot.web.servlet.FilterRegistrationBean - Mapping filter: 'requestContextFilter' to: [/*]
2019-03-13 16:09:16.024 [localhost-startStop-1] INFO  o.s.boot.web.servlet.FilterRegistrationBean - Mapping filter: 'ServletFilter' to urls: [/servlet/*]
2019-03-13 16:09:16.881 [main] INFO  o.s.w.s.m.m.a.RequestMappingHandlerAdapter - Looking for @ControllerAdvice: org.springframework.boot.context.embedded.AnnotationConfigEmbeddedWebApplicationContext@37918c79: startup date [Wed Mar 13 16:09:14 CST 2019]; root of context hierarchy
2019-03-13 16:09:16.938 [main] INFO  o.s.w.s.m.m.a.RequestMappingHandlerMapping - Mapped "{[/hello]}" onto public java.lang.String com.cwh.springbootMybatis.web.copy.controller.HelloController.hello(org.springframework.ui.Model,java.lang.String)
2019-03-13 16:09:16.941 [main] INFO  o.s.w.s.m.m.a.RequestMappingHandlerMapping - Mapped "{[/user/getUserInfo]}" onto public java.util.List<com.cwh.springbootMybatis.web.copy.entity.User> com.cwh.springbootMybatis.web.copy.controller.UserController.getUserInfo()
2019-03-13 16:09:16.941 [main] INFO  o.s.w.s.m.m.a.RequestMappingHandlerMapping - Mapped "{[/user/addUserInfo]}" onto public java.lang.String com.cwh.springbootMybatis.web.copy.controller.UserController.addUserInfo()
2019-03-13 16:09:16.942 [main] INFO  o.s.w.s.m.m.a.RequestMappingHandlerMapping - Mapped "{[/Good/list]}" onto public java.lang.String com.cwh.springbootMybatis.web.good.controller.GoodController.list(org.springframework.ui.Model)
2019-03-13 16:09:16.942 [main] INFO  o.s.w.s.m.m.a.RequestMappingHandlerMapping - Mapped "{[/Good/selectListGoods]}" onto public com.cwh.springbootMybatis.util.R com.cwh.springbootMybatis.web.good.controller.GoodController.selectListGoods()
2019-03-13 16:09:16.946 [main] INFO  o.s.w.s.m.m.a.RequestMappingHandlerMapping - Mapped "{[/Login/list]}" onto public java.lang.String com.cwh.springbootMybatis.web.login.controller.LoginController.list(org.springframework.ui.Model)
2019-03-13 16:09:16.946 [main] INFO  o.s.w.s.m.m.a.RequestMappingHandlerMapping - Mapped "{[/Login/one/{id}],methods=[GET]}" onto public java.lang.String com.cwh.springbootMybatis.web.login.controller.LoginController.one(org.springframework.ui.Model,int)
2019-03-13 16:09:16.947 [main] INFO  o.s.w.s.m.m.a.RequestMappingHandlerMapping - Mapped "{[/Login/selectListUser]}" onto public void com.cwh.springbootMybatis.web.login.controller.LoginController.selectListUser()
2019-03-13 16:09:16.947 [main] INFO  o.s.w.s.m.m.a.RequestMappingHandlerMapping - Mapped "{[/Login/userOne]}" onto public java.lang.String com.cwh.springbootMybatis.web.login.controller.LoginController.userOne(org.springframework.ui.Model)
2019-03-13 16:09:16.949 [main] INFO  o.s.w.s.m.m.a.RequestMappingHandlerMapping - Mapped "{[/error]}" onto public org.springframework.http.ResponseEntity<java.util.Map<java.lang.String, java.lang.Object>> org.springframework.boot.autoconfigure.web.BasicErrorController.error(javax.servlet.http.HttpServletRequest)
2019-03-13 16:09:16.949 [main] INFO  o.s.w.s.m.m.a.RequestMappingHandlerMapping - Mapped "{[/error],produces=[text/html]}" onto public org.springframework.web.servlet.ModelAndView org.springframework.boot.autoconfigure.web.BasicErrorController.errorHtml(javax.servlet.http.HttpServletRequest,javax.servlet.http.HttpServletResponse)
2019-03-13 16:09:16.986 [main] INFO  o.s.web.servlet.handler.SimpleUrlHandlerMapping - Mapped URL path [/webjars/**] onto handler of type [class org.springframework.web.servlet.resource.ResourceHttpRequestHandler]
2019-03-13 16:09:16.986 [main] INFO  o.s.web.servlet.handler.SimpleUrlHandlerMapping - Mapped URL path [/**] onto handler of type [class org.springframework.web.servlet.resource.ResourceHttpRequestHandler]
2019-03-13 16:09:17.017 [main] INFO  o.s.web.servlet.handler.SimpleUrlHandlerMapping - Mapped URL path [/**/favicon.ico] onto handler of type [class org.springframework.web.servlet.resource.ResourceHttpRequestHandler]
2019-03-13 16:09:17.597 [main] INFO  o.s.jmx.export.annotation.AnnotationMBeanExporter - Registering beans for JMX exposure on startup
2019-03-13 16:09:17.602 [main] INFO  o.s.jmx.export.annotation.AnnotationMBeanExporter - Bean with name 'dataSource' has been autodetected for JMX exposure
2019-03-13 16:09:17.608 [main] INFO  o.s.jmx.export.annotation.AnnotationMBeanExporter - Located MBean 'dataSource': registering with JMX server as MBean [com.alibaba.druid.pool:name=dataSource,type=DruidDataSource]
2019-03-13 16:09:17.627 [main] INFO  org.apache.coyote.http11.Http11NioProtocol - Initializing ProtocolHandler ["http-nio-80"]
2019-03-13 16:09:17.647 [main] INFO  org.apache.coyote.http11.Http11NioProtocol - Starting ProtocolHandler ["http-nio-80"]
2019-03-13 16:09:17.750 [main] INFO  org.apache.tomcat.util.net.NioSelectorPool - Using a shared selector for servlet write/read
2019-03-13 16:09:17.832 [main] INFO  o.s.b.c.e.tomcat.TomcatEmbeddedServletContainer - Tomcat started on port(s): 80 (http)
2019-03-13 16:09:17.837 [main] INFO  com.cwh.springbootMybatis.Application - Started Application in 4.475 seconds (JVM running for 4.84)
2019-03-13 16:09:33.774 [http-nio-80-exec-2] INFO  o.a.c.core.ContainerBase.[Tomcat].[localhost].[/] - Initializing Spring FrameworkServlet 'dispatcherServlet'
2019-03-13 16:09:33.775 [http-nio-80-exec-2] INFO  org.springframework.web.servlet.DispatcherServlet - FrameworkServlet 'dispatcherServlet': initialization started
2019-03-13 16:09:33.795 [http-nio-80-exec-2] INFO  org.springframework.web.servlet.DispatcherServlet - FrameworkServlet 'dispatcherServlet': initialization completed in 20 ms
2019-03-13 16:09:33.854 [http-nio-80-exec-2] INFO  c.c.s.web.login.controller.LoginController - 日志输出 info
2019-03-13 16:09:33.974 [http-nio-80-exec-2] INFO  com.alibaba.druid.pool.DruidDataSource - {dataSource-1} inited
2019-03-13 16:09:39.496 [http-nio-80-exec-2] INFO  c.c.s.web.login.controller.LoginController - 查询获取用户信息userGeneralReturn [result=1, code=null, count=null, msg=success, data=User [id=1, userName_s=2, userpassword_s=3]]
2019-03-13 16:09:39.829 [http-nio-80-exec-2] INFO  org.thymeleaf.TemplateEngine - [THYMELEAF] INITIALIZING TEMPLATE ENGINE
2019-03-13 16:09:39.897 [http-nio-80-exec-2] INFO  o.t.templateresolver.AbstractTemplateResolver - [THYMELEAF] INITIALIZING TEMPLATE RESOLVER: org.thymeleaf.spring4.templateresolver.SpringResourceTemplateResolver
2019-03-13 16:09:39.897 [http-nio-80-exec-2] INFO  o.t.templateresolver.AbstractTemplateResolver - [THYMELEAF] TEMPLATE RESOLVER INITIALIZED OK
2019-03-13 16:09:39.898 [http-nio-80-exec-2] INFO  o.t.messageresolver.AbstractMessageResolver - [THYMELEAF] INITIALIZING MESSAGE RESOLVER: org.thymeleaf.spring4.messageresolver.SpringMessageResolver
2019-03-13 16:09:39.898 [http-nio-80-exec-2] INFO  o.t.messageresolver.AbstractMessageResolver - [THYMELEAF] MESSAGE RESOLVER INITIALIZED OK
2019-03-13 16:09:39.903 [http-nio-80-exec-2] INFO  org.thymeleaf.TemplateEngine.CONFIG - [THYMELEAF] TEMPLATE ENGINE CONFIGURATION:
[THYMELEAF] * Cache Factory implementation: org.thymeleaf.cache.StandardCacheManager
[THYMELEAF] * Template modes:
[THYMELEAF]     * LEGACYHTML5
[THYMELEAF]     * VALIDXML
[THYMELEAF]     * XML
[THYMELEAF]     * XHTML
[THYMELEAF]     * VALIDXHTML
[THYMELEAF]     * HTML5
[THYMELEAF] * Template resolvers (in order):
[THYMELEAF]     * org.thymeleaf.spring4.templateresolver.SpringResourceTemplateResolver
[THYMELEAF] * Message resolvers (in order):
[THYMELEAF]     * org.thymeleaf.spring4.messageresolver.SpringMessageResolver
[THYMELEAF] * Dialect [1 of 2]: org.thymeleaf.spring4.dialect.SpringStandardDialect
[THYMELEAF]     * Prefix: "th"
[THYMELEAF] * Dialect [2 of 2]: nz.net.ultraq.thymeleaf.LayoutDialect
[THYMELEAF]     * Prefix: "layout"
[THYMELEAF] TEMPLATE ENGINE CONFIGURED OK
2019-03-13 16:09:39.903 [http-nio-80-exec-2] INFO  org.thymeleaf.TemplateEngine - [THYMELEAF] TEMPLATE ENGINE INITIALIZED
2019-03-13 16:13:59.938 [main] INFO  com.cwh.springbootMybatis.Application - Starting Application on PC-20181008BUJM with PID 12968 (E:\GITbengku\springbootMybatis\target\classes started by Administrator in E:\GITbengku\springbootMybatis)
2019-03-13 16:13:59.940 [main] INFO  com.cwh.springbootMybatis.Application - No active profile set, falling back to default profiles: default
2019-03-13 16:14:00.198 [background-preinit] INFO  org.hibernate.validator.internal.util.Version - HV000001: Hibernate Validator 5.3.6.Final
2019-03-13 16:14:00.214 [main] INFO  o.s.b.c.e.AnnotationConfigEmbeddedWebApplicationContext - Refreshing org.springframework.boot.context.embedded.AnnotationConfigEmbeddedWebApplicationContext@37918c79: startup date [Wed Mar 13 16:14:00 CST 2019]; root of context hierarchy
2019-03-13 16:14:01.667 [main] INFO  o.s.b.c.e.tomcat.TomcatEmbeddedServletContainer - Tomcat initialized with port(s): 80 (http)
2019-03-13 16:14:01.678 [main] INFO  org.apache.catalina.core.StandardService - Starting service [Tomcat]
2019-03-13 16:14:01.679 [main] INFO  org.apache.catalina.core.StandardEngine - Starting Servlet Engine: Apache Tomcat/8.5.27
2019-03-13 16:14:01.836 [localhost-startStop-1] INFO  o.a.c.core.ContainerBase.[Tomcat].[localhost].[/] - Initializing Spring embedded WebApplicationContext
2019-03-13 16:14:01.837 [localhost-startStop-1] INFO  org.springframework.web.context.ContextLoader - Root WebApplicationContext: initialization completed in 1622 ms
2019-03-13 16:14:02.016 [localhost-startStop-1] INFO  o.s.boot.web.servlet.ServletRegistrationBean - Mapping servlet: 'dispatcherServlet' to [/]
2019-03-13 16:14:02.018 [localhost-startStop-1] INFO  o.s.boot.web.servlet.ServletRegistrationBean - Mapping servlet: 'com.cwh.springbootMybatis.servlet.Servlet1' to [/servlet/servlet1.action]
2019-03-13 16:14:02.021 [localhost-startStop-1] INFO  o.s.boot.web.servlet.FilterRegistrationBean - Mapping filter: 'characterEncodingFilter' to: [/*]
2019-03-13 16:14:02.021 [localhost-startStop-1] INFO  o.s.boot.web.servlet.FilterRegistrationBean - Mapping filter: 'hiddenHttpMethodFilter' to: [/*]
2019-03-13 16:14:02.021 [localhost-startStop-1] INFO  o.s.boot.web.servlet.FilterRegistrationBean - Mapping filter: 'httpPutFormContentFilter' to: [/*]
2019-03-13 16:14:02.021 [localhost-startStop-1] INFO  o.s.boot.web.servlet.FilterRegistrationBean - Mapping filter: 'requestContextFilter' to: [/*]
2019-03-13 16:14:02.021 [localhost-startStop-1] INFO  o.s.boot.web.servlet.FilterRegistrationBean - Mapping filter: 'ServletFilter' to urls: [/servlet/*]
2019-03-13 16:14:02.876 [main] INFO  o.s.w.s.m.m.a.RequestMappingHandlerAdapter - Looking for @ControllerAdvice: org.springframework.boot.context.embedded.AnnotationConfigEmbeddedWebApplicationContext@37918c79: startup date [Wed Mar 13 16:14:00 CST 2019]; root of context hierarchy
2019-03-13 16:14:02.939 [main] INFO  o.s.w.s.m.m.a.RequestMappingHandlerMapping - Mapped "{[/hello]}" onto public java.lang.String com.cwh.springbootMybatis.web.copy.controller.HelloController.hello(org.springframework.ui.Model,java.lang.String)
2019-03-13 16:14:02.942 [main] INFO  o.s.w.s.m.m.a.RequestMappingHandlerMapping - Mapped "{[/user/getUserInfo]}" onto public java.util.List<com.cwh.springbootMybatis.web.copy.entity.User> com.cwh.springbootMybatis.web.copy.controller.UserController.getUserInfo()
2019-03-13 16:14:02.942 [main] INFO  o.s.w.s.m.m.a.RequestMappingHandlerMapping - Mapped "{[/user/addUserInfo]}" onto public java.lang.String com.cwh.springbootMybatis.web.copy.controller.UserController.addUserInfo()
2019-03-13 16:14:02.943 [main] INFO  o.s.w.s.m.m.a.RequestMappingHandlerMapping - Mapped "{[/Good/list]}" onto public java.lang.String com.cwh.springbootMybatis.web.good.controller.GoodController.list(org.springframework.ui.Model)
2019-03-13 16:14:02.943 [main] INFO  o.s.w.s.m.m.a.RequestMappingHandlerMapping - Mapped "{[/Good/selectListGoods]}" onto public com.cwh.springbootMybatis.util.R com.cwh.springbootMybatis.web.good.controller.GoodController.selectListGoods()
2019-03-13 16:14:02.948 [main] INFO  o.s.w.s.m.m.a.RequestMappingHandlerMapping - Mapped "{[/Login/list]}" onto public java.lang.String com.cwh.springbootMybatis.web.login.controller.LoginController.list(org.springframework.ui.Model)
2019-03-13 16:14:02.949 [main] INFO  o.s.w.s.m.m.a.RequestMappingHandlerMapping - Mapped "{[/Login/one/{id}],methods=[GET]}" onto public java.lang.String com.cwh.springbootMybatis.web.login.controller.LoginController.one(org.springframework.ui.Model,int)
2019-03-13 16:14:02.949 [main] INFO  o.s.w.s.m.m.a.RequestMappingHandlerMapping - Mapped "{[/Login/selectListUser]}" onto public void com.cwh.springbootMybatis.web.login.controller.LoginController.selectListUser()
2019-03-13 16:14:02.949 [main] INFO  o.s.w.s.m.m.a.RequestMappingHandlerMapping - Mapped "{[/Login/userOne]}" onto public java.lang.String com.cwh.springbootMybatis.web.login.controller.LoginController.userOne(org.springframework.ui.Model)
2019-03-13 16:14:02.951 [main] INFO  o.s.w.s.m.m.a.RequestMappingHandlerMapping - Mapped "{[/error]}" onto public org.springframework.http.ResponseEntity<java.util.Map<java.lang.String, java.lang.Object>> org.springframework.boot.autoconfigure.web.BasicErrorController.error(javax.servlet.http.HttpServletRequest)
2019-03-13 16:14:02.951 [main] INFO  o.s.w.s.m.m.a.RequestMappingHandlerMapping - Mapped "{[/error],produces=[text/html]}" onto public org.springframework.web.servlet.ModelAndView org.springframework.boot.autoconfigure.web.BasicErrorController.errorHtml(javax.servlet.http.HttpServletRequest,javax.servlet.http.HttpServletResponse)
2019-03-13 16:14:02.979 [main] INFO  o.s.web.servlet.handler.SimpleUrlHandlerMapping - Mapped URL path [/webjars/**] onto handler of type [class org.springframework.web.servlet.resource.ResourceHttpRequestHandler]
2019-03-13 16:14:02.979 [main] INFO  o.s.web.servlet.handler.SimpleUrlHandlerMapping - Mapped URL path [/**] onto handler of type [class org.springframework.web.servlet.resource.ResourceHttpRequestHandler]
2019-03-13 16:14:03.014 [main] INFO  o.s.web.servlet.handler.SimpleUrlHandlerMapping - Mapped URL path [/**/favicon.ico] onto handler of type [class org.springframework.web.servlet.resource.ResourceHttpRequestHandler]
2019-03-13 16:14:03.577 [main] INFO  o.s.jmx.export.annotation.AnnotationMBeanExporter - Registering beans for JMX exposure on startup
2019-03-13 16:14:03.579 [main] INFO  o.s.jmx.export.annotation.AnnotationMBeanExporter - Bean with name 'dataSource' has been autodetected for JMX exposure
2019-03-13 16:14:03.583 [main] INFO  o.s.jmx.export.annotation.AnnotationMBeanExporter - Located MBean 'dataSource': registering with JMX server as MBean [com.alibaba.druid.pool:name=dataSource,type=DruidDataSource]
2019-03-13 16:14:03.597 [main] INFO  org.apache.coyote.http11.Http11NioProtocol - Initializing ProtocolHandler ["http-nio-80"]
2019-03-13 16:14:03.609 [main] INFO  org.apache.coyote.http11.Http11NioProtocol - Starting ProtocolHandler ["http-nio-80"]
2019-03-13 16:14:03.643 [main] INFO  org.apache.tomcat.util.net.NioSelectorPool - Using a shared selector for servlet write/read
2019-03-13 16:14:03.663 [main] INFO  o.s.b.c.e.tomcat.TomcatEmbeddedServletContainer - Tomcat started on port(s): 80 (http)
2019-03-13 16:14:03.671 [main] INFO  com.cwh.springbootMybatis.Application - Started Application in 4.119 seconds (JVM running for 4.475)
